Start testing: Apr 21 15:36 IST
----------------------------------------------------------
1/3 Testing: he_core
1/3 Test: he_core
Command: "/home/raghavp/BTP/build/vendor_server/test_he_core"
Directory: /home/raghavp/BTP/build/vendor_server
"he_core" start time: Apr 21 15:36 IST
Output:
----------------------------------------------------------
Randomness seeded to: 3960064963

~~~~~~~~~~~~~~~~~~~~~~~~~~~~~~~~~~~~~~~~~~~~~~~~~~~~~~~~~~~~~~~~~~~~~~~~~~~~~~~
test_he_core is a Catch2 v3.5.4 host application.
Run with -? for options

-------------------------------------------------------------------------------
test_rotation_hoisting
-------------------------------------------------------------------------------
/home/raghavp/BTP/vendor_server/tests/test_he_core.cpp:51
...............................................................................

/home/raghavp/BTP/vendor_server/tests/test_he_core.cpp:85: FAILED:
  REQUIRE_THAT( decoded[0], Catch::Matchers::WithinAbs(256.0 * value, 1e-3) )
with expansion:
  3788544222500284416.0 is within 0.001 of 1.0

===============================================================================
test cases:   3 |   2 passed | 1 failed
assertions: 207 | 206 passed | 1 failed

<end of output>
Test time =   0.57 sec
----------------------------------------------------------
Test Failed.
"he_core" end time: Apr 21 15:36 IST
"he_core" time elapsed: 00:00:00
----------------------------------------------------------

2/3 Testing: verify_all
2/3 Test: verify_all
Command: "/usr/bin/python3" "/home/raghavp/BTP/tests/verify_all.py"
Directory: /home/raghavp/BTP
"verify_all" start time: Apr 21 15:36 IST
Output:
----------------------------------------------------------
STEP 1/10
PASS: proto present
PASS: service source present
PASS: depth1 CKKS source present
STEP 2/10
PASS: found /home/raghavp/BTP/proto/inference.proto
PASS: service declared
PASS: timing field deserialization_us=1
PASS: timing field multiply_plain_us=2
PASS: timing field rotation_hoisting_us=3
PASS: timing field serialization_us=4
PASS: timing field total_inference_us=5
STEP 3/10
PASS: found /home/raghavp/BTP/vendor_server/src/inference_service.cpp
PASS: deserialization timer set
PASS: multiply_plain timer set
PASS: rotation timer set
PASS: serialization timer set
PASS: total timer set
STEP 4/10
PASS: found /home/raghavp/BTP/vendor_server/include/ckks_context.h
PASS: found /home/raghavp/BTP/vendor_server/src/ckks_context.cpp
PASS: depth1 poly degree is 8192
PASS: depth1 coeff modulus matches
PASS: depth1 noise sanity check present
PASS: SEAL members declared in header
STEP 5/10
PASS: found /home/raghavp/BTP/vendor_server/src/ckks_context_depth2.cpp
PASS: depth2 poly degree is 16384
PASS: depth2 coeff modulus matches
PASS: depth2 galois steps match
STEP 6/10
PASS: model_weights.bin present
PASS: degree2_weights.bin present
PASS: model_weights.bin size 2060
PASS: degree2_weights.bin size 4108
STEP 7/10
PASS: serialize_weights.py present
PASS: serialize_degree2_weights.py present
PASS: auc_dispatch.py present
STEP 8/10
PASS: model_weights.bin n_features=256
STEP 9/10
PASS: found /home/raghavp/BTP/tests/test_inference.py
PASS: pytest contract test present
STEP 10/10
PASS: found /home/raghavp/BTP/CMakeLists.txt
PASS: found /home/raghavp/BTP/vendor_server/CMakeLists.txt
PASS: root cmake includes vendor_server
PASS: root cmake includes tests
PASS: vendor proto generation present
PASS: verify_all complete
<end of output>
Test time =   0.03 sec
----------------------------------------------------------
Test Passed.
"verify_all" end time: Apr 21 15:36 IST
"verify_all" time elapsed: 00:00:00
----------------------------------------------------------

3/3 Testing: catch2_he_core
3/3 Test: catch2_he_core
Command: "/home/raghavp/BTP/build/vendor_server/test_he_core"
Directory: /home/raghavp/BTP/build/tests
"catch2_he_core" start time: Apr 21 15:36 IST
Output:
----------------------------------------------------------
Randomness seeded to: 384895874

~~~~~~~~~~~~~~~~~~~~~~~~~~~~~~~~~~~~~~~~~~~~~~~~~~~~~~~~~~~~~~~~~~~~~~~~~~~~~~~
test_he_core is a Catch2 v3.5.4 host application.
Run with -? for options

-------------------------------------------------------------------------------
test_rotation_hoisting
-------------------------------------------------------------------------------
/home/raghavp/BTP/vendor_server/tests/test_he_core.cpp:51
...............................................................................

/home/raghavp/BTP/vendor_server/tests/test_he_core.cpp:85: FAILED:
  REQUIRE_THAT( decoded[0], Catch::Matchers::WithinAbs(256.0 * value, 1e-3) )
with expansion:
  27205426089499615232.0 is within 0.001 of 1.0

===============================================================================
test cases:   3 |   2 passed | 1 failed
assertions: 207 | 206 passed | 1 failed

<end of output>
Test time =   0.58 sec
----------------------------------------------------------
Test Failed.
"catch2_he_core" end time: Apr 21 15:36 IST
"catch2_he_core" time elapsed: 00:00:00
----------------------------------------------------------

End testing: Apr 21 15:36 IST
